<?xml version="1.0" encoding="UTF-8"?>
<!-- Generated by org.testng.reporters.JUnitReportReporter -->
<testsuite skipped="0" hostname="rupesh" name="com.TestCases.LoginPageTest" tests="4" failures="0" timestamp="25 Mar 2019 23:13:22 GMT" time="36.048" errors="0">
  <testcase name="VerifyLogoofthePage" time="8.247" classname="com.TestCases.LoginPageTest"/>
  <testcase name="VerifyTitleofthePage" time="6.010" classname="com.TestCases.LoginPageTest"/>
  <testcase name="VerifyErrorMessageWithInvaliduspw" time="12.806" classname="com.TestCases.LoginPageTest"/>
  <testcase name="VerifyLoginPage" time="8.985" classname="com.TestCases.LoginPageTest"/>
</testsuite> <!-- com.TestCases.LoginPageTest -->
