<?xml version="1.0" encoding="UTF-8"?>
<!-- Generated by org.testng.reporters.JUnitReportReporter -->
<testsuite skipped="0" hostname="rupesh" name="com.TestCases.ProductNServicesPageTest" tests="4" failures="0" timestamp="22 Mar 2019 04:01:41 GMT" time="194.166" errors="0">
  <testcase name="CreateNewOrder" time="44.539" classname="com.TestCases.ProductNServicesPageTest"/>
  <testcase name="CreateNewOrder" time="59.896" classname="com.TestCases.ProductNServicesPageTest"/>
  <testcase name="CreateNewOrder" time="44.453" classname="com.TestCases.ProductNServicesPageTest"/>
  <testcase name="CreateNewOrder" time="45.278" classname="com.TestCases.ProductNServicesPageTest"/>
</testsuite> <!-- com.TestCases.ProductNServicesPageTest -->
